<?xml version="1.0" encoding="UTF-8"?>
<!-- Generated by org.testng.reporters.JUnitReportReporter -->
<testsuite hostname="lokesh" failures="0" tests="8" name="AlertsinSelenium.Annotations" time="-1716205312.000" errors="1" timestamp="2024-05-20T17:10:57 IST" skipped="7">
  <testcase classname="AlertsinSelenium.Annotations" name="ThirdTest3" time="0.000">
    <skipped/>
  </testcase> <!-- ThirdTest3 -->
  <testcase classname="AlertsinSelenium.Annotations" name="FourthTest3" time="0.001">
    <skipped/>
  </testcase> <!-- FourthTest3 -->
  <testcase classname="AlertsinSelenium.Annotations" name="Before_method" time="-1716205312.000">
    <error message="
Parameter &#039;A&#039; is required by BeforeMethod on method Before_method but has not been marked @Optional or defined
in C:\Users\lokes\AppData\Local\Temp\testng-eclipse-736219509\testng-customsuite.xml" type="org.testng.TestNGException">
      <![CDATA[org.testng.TestNGException: 
Parameter 'A' is required by BeforeMethod on method Before_method but has not been marked @Optional or defined
in C:\Users\lokes\AppData\Local\Temp\testng-eclipse-736219509\testng-customsuite.xml
at org.testng.internal.Parameters.createParams(Parameters.java:267)
at org.testng.internal.Parameters.createParametersForMethod(Parameters.java:355)
at org.testng.internal.Parameters.createParameters(Parameters.java:684)
at org.testng.internal.Parameters.createConfigurationParameters(Parameters.java:166)
at org.testng.internal.invokers.ConfigInvoker.invokeConfigurations(ConfigInvoker.java:306)
at org.testng.internal.invokers.TestInvoker.runConfigMethods(TestInvoker.java:810)
at org.testng.internal.invokers.TestInvoker.invokeMethod(TestInvoker.java:577)
at org.testng.internal.invokers.TestInvoker.invokeTestMethod(TestInvoker.java:227)
at org.testng.internal.invokers.MethodRunner.runInSequence(MethodRunner.java:50)
at org.testng.internal.invokers.TestInvoker$MethodInvocationAgent.invoke(TestInvoker.java:957)
at org.testng.internal.invokers.TestInvoker.invokeTestMethods(TestInvoker.java:200)
at org.testng.internal.invokers.TestMethodWorker.invokeTestMethods(TestMethodWorker.java:148)
at org.testng.internal.invokers.TestMethodWorker.run(TestMethodWorker.java:128)
at java.base/java.util.ArrayList.forEach(ArrayList.java:1511)
at org.testng.TestRunner.privateRun(TestRunner.java:848)
at org.testng.TestRunner.run(TestRunner.java:621)
at org.testng.SuiteRunner.runTest(SuiteRunner.java:443)
at org.testng.SuiteRunner.runSequentially(SuiteRunner.java:437)
at org.testng.SuiteRunner.privateRun(SuiteRunner.java:397)
at org.testng.SuiteRunner.run(SuiteRunner.java:336)
at org.testng.SuiteRunnerWorker.runSuite(SuiteRunnerWorker.java:52)
at org.testng.SuiteRunnerWorker.run(SuiteRunnerWorker.java:95)
at org.testng.TestNG.runSuitesSequentially(TestNG.java:1280)
at org.testng.TestNG.runSuitesLocally(TestNG.java:1200)
at org.testng.TestNG.runSuites(TestNG.java:1114)
at org.testng.TestNG.run(TestNG.java:1082)
at org.testng.remote.AbstractRemoteTestNG.run(AbstractRemoteTestNG.java:115)
at org.testng.remote.RemoteTestNG.initAndRun(RemoteTestNG.java:251)
at org.testng.remote.RemoteTestNG.main(RemoteTestNG.java:77)
]]>
    </error>
  </testcase> <!-- Before_method -->
  <testcase classname="AlertsinSelenium.Annotations" name="SecondTest2" time="0.000">
    <skipped/>
  </testcase> <!-- SecondTest2 -->
  <testcase classname="AlertsinSelenium.Annotations" name="SecondTest2" time="0.001">
    <skipped/>
  </testcase> <!-- SecondTest2 -->
  <testcase classname="AlertsinSelenium.Annotations" name="SecondTest2" time="0.001">
    <skipped/>
  </testcase> <!-- SecondTest2 -->
  <testcase classname="AlertsinSelenium.Annotations" name="FirstTest1" time="0.000">
    <skipped/>
  </testcase> <!-- FirstTest1 -->
  <testcase classname="AlertsinSelenium.Annotations" name="FirstTest1" time="0.000">
    <skipped/>
  </testcase> <!-- FirstTest1 -->
</testsuite> <!-- AlertsinSelenium.Annotations -->
